69
39 7 4 15 181 133 58 117 186 
34 7 4 15 181 133 58 228 57 
57 7 12 211 24 188 96 79 229 
10 7 12 218 11 139 73 8 170 
58 7 29 76 181 133 58 228 57 
100 7 29 76 181 133 66 33 61 
89 7 29 76 181 138 73 8 170 
21 7 29 76 195 38 98 95 167 
2 7 29 76 195 54 14 8 170 
149 7 29 76 195 54 65 228 57 
28 7 29 76 195 104 199 8 170 
174 7 29 77 10 23 65 228 57 
259 7 29 77 10 46 158 130 62 
1 7 29 244 16 18 96 79 229 
90 7 53 17 2 188 96 79 229 
66 7 53 17 179 104 199 8 170 
208 7 53 236 20 139 73 8 170 
97 7 53 236 20 139 88 228 57 
186 7 53 236 20 139 127 33 61 
10 7 53 236 20 203 166 245 1 
20 7 78 42 11 203 166 245 1 
9 7 78 52 71 104 199 8 170 
232 7 78 52 71 104 199 119 118 
34 7 82 90 123 138 127 33 61 
9 7 82 90 123 216 56 5 200 
29 7 109 43 74 83 39 32 229 
91 7 109 43 121 21 28 22 229 
63 7 128 84 179 104 199 119 118 
62 7 128 84 179 104 227 79 229 
42 7 128 84 179 168 45 33 61 
172 7 128 180 11 203 166 245 1 
351 7 142 92 94 216 56 5 200 
164 7 144 108 179 168 45 33 61 
206 7 144 108 196 203 166 245 1 
88 7 144 114 94 216 56 5 200 
165 7 144 114 94 216 56 40 62 
55 7 144 114 240 83 39 32 229 
18 7 144 114 240 83 39 122 186 
1 7 197 72 11 203 166 245 1 
99 7 197 72 11 203 185 22 229 
13 7 197 72 11 203 192 40 62 
31 7 197 72 11 203 192 116 1 
28 7 197 72 47 6 56 116 1 
139 7 197 72 47 6 59 89 167 
25 7 197 72 135 188 96 79 229 
56 7 197 72 135 188 96 120 50 
23 7 197 72 135 239 39 122 186 
67 7 197 72 135 239 69 130 62 
28 7 197 72 135 239 69 152 9 
81 7 197 72 135 239 219 140 118 
10 7 197 72 143 35 227 120 50 
79 7 207 112 16 18 96 120 50 
99 7 207 112 16 18 96 226 19 
132 7 207 191 30 35 227 226 19 
85 7 207 191 41 18 96 226 19 
67 7 207 191 41 18 242 125 1 
182 7 207 191 41 155 34 33 61 
16 7 207 191 41 155 34 243 230 
10 7 207 191 214 67 227 226 19 
32 7 207 191 214 215 66 243 230 
21 7 232 31 162 35 227 226 19 
128 7 232 131 70 216 59 89 167 
206 7 232 131 70 216 148 44 229 
67 7 241 25 10 46 158 152 9 
152 7 241 25 10 46 160 122 186 
16 7 241 25 10 212 98 95 167 
164 7 241 163 240 83 219 140 118 
2 7 241 163 240 83 219 223 61 
332 7 241 163 240 105 227 226 19 
